#
# A fatal error has been detected by the Java Runtime Environment:
#
#  EXCEPTION_ACCESS_VIOLATION (0xc0000005) at pc=0x000000005f6c9abb, pid=10592, tid=0x0000000000002940
#
# JRE version: Java(TM) SE Runtime Environment (8.0_151-b12) (build 1.8.0_151-b12)
# Java VM: Java HotSpot(TM) 64-Bit Server VM (25.151-b12 mixed mode windows-amd64 compressed oops)
# Problematic frame:
# V  [jvm.dll+0x149abb]
#
# Failed to write core dump. Minidumps are not enabled by default on client versions of Windows
#
# If you would like to submit a bug report, please visit:
#   http://bugreport.java.com/bugreport/crash.jsp
#

---------------  T H R E A D  ---------------

Current thread (0x00000000029be800):  JavaThread "main" [_thread_in_vm, id=10560, stack(0x0000000002a50000,0x0000000002b50000)]

siginfo: ExceptionCode=0xc0000005, reading address 0x0000000000000000

Registers:
RAX=0x0000000017df9bb8, RBX=0x0000000100010c90, RCX=0x0000000000000002, RDX=0x0000000017df9bb0
RSP=0x0000000002b4f180, RBP=0x0000000002b4f360, RSI=0x00000000029be9f8, RDI=0x00000000029be800
R8 =0x0000000000000003, R9 =0x0000000000000000, R10=0x0000000000000000, R11=0x0000000000000200
R12=0x0000000000000000, R13=0x0000000002b4f288, R14=0x00000000029be9f8, R15=0x00000000029be800
RIP=0x000000005f6c9abb, EFLAGS=0x0000000000010202

Top of Stack: (sp=0x0000000002b4f180)
0x0000000002b4f180:   00000000029be9f8 0000000100010c90
0x0000000002b4f190:   0000000002b4f360 00000000029be800
0x0000000002b4f1a0:   00007ff8dc8531b0 000000005f6de410
0x0000000002b4f1b0:   0000000002d52d10 0000000017df9bb0
0x0000000002b4f1c0:   00000000029be800 00007ff8dc853190
0x0000000002b4f1d0:   00000000029be800 0000000002d02490
0x0000000002b4f1e0:   000000000000062d 000000005fb86cd0
0x0000000002b4f1f0:   0000000017813290 0000000000000000
0x0000000002b4f200:   00007ff8dc8531a8 000000005f6de58f
0x0000000002b4f210:   00000000029be800 000000006c5e0272
0x0000000002b4f220:   0000000017813290 0000000000000000
0x0000000002b4f230:   0000000002e0835d 00007ff8dc85101c
0x0000000002b4f240:   0000000002b4f360 0000000017df9bb0
0x0000000002b4f250:   0000000000000002 0000000017813290
0x0000000002b4f260:   0000000002e0835d 00007ff8dc851405
0x0000000002b4f270:   0000000017df9bb0 0000000002b4f360 

Instructions: (pc=0x000000005f6c9abb)
0x000000005f6c9a9b:   cf e8 4f fa 0d 00 33 c0 e9 dd 01 00 00 48 8b d0
0x000000005f6c9aab:   48 8b ce 48 89 ac 24 c0 00 00 00 e8 d5 c9 0c 00
0x000000005f6c9abb:   49 8b 0c 24 c7 44 24 40 0e 00 00 00 48 8b 51 08
0x000000005f6c9acb:   48 8b e8 0f b7 4a 24 48 8b 52 08 48 8b 54 ca 50 


Register to memory mapping:

RAX=0x0000000017df9bb8 is an unknown value
RBX=0x0000000100010c90 is pointing into metadata
RCX=0x0000000000000002 is an unknown value
RDX=0x0000000017df9bb0 is an unknown value
RSP=0x0000000002b4f180 is pointing into the stack for thread: 0x00000000029be800
RBP=0x0000000002b4f360 is pointing into the stack for thread: 0x00000000029be800
RSI=0x00000000029be9f8 is an unknown value
RDI=0x00000000029be800 is a thread
R8 =0x0000000000000003 is an unknown value
R9 =0x0000000000000000 is an unknown value
R10=0x0000000000000000 is an unknown value
R11=0x0000000000000200 is an unknown value
R12=0x0000000000000000 is an unknown value
R13=0x0000000002b4f288 is pointing into the stack for thread: 0x00000000029be800
R14=0x00000000029be9f8 is an unknown value
R15=0x00000000029be800 is a thread


Stack: [0x0000000002a50000,0x0000000002b50000],  sp=0x0000000002b4f180,  free space=1020k
Native frames: (J=compiled Java code, j=interpreted, Vv=VM code, C=native code)
V  [jvm.dll+0x149abb]
C  [DotProductDLL.dll+0x101c]  JNIEnv_::NewObject+0x1c
C  [DotProductDLL.dll+0x1405]  Java_DotProduct_CalculateDotProduct3+0x95
C  0x0000000002e17f74

Java frames: (J=compiled Java code, j=interpreted, Vv=VM code)
j  DotProduct.CalculateDotProduct3()V+0
j  DotProduct.main([Ljava/lang/String;)V+124
v  ~StubRoutines::call_stub

---------------  P R O C E S S  ---------------

Java Threads: ( => current thread )
  0x0000000019e5e800 JavaThread "Service Thread" daemon [_thread_blocked, id=8420, stack(0x000000001a9f0000,0x000000001aaf0000)]
  0x0000000019db2000 JavaThread "C1 CompilerThread3" daemon [_thread_blocked, id=11248, stack(0x000000001a8f0000,0x000000001a9f0000)]
  0x0000000019dad000 JavaThread "C2 CompilerThread2" daemon [_thread_blocked, id=1040, stack(0x000000001a7f0000,0x000000001a8f0000)]
  0x0000000019da9000 JavaThread "C2 CompilerThread1" daemon [_thread_blocked, id=12096, stack(0x000000001a6f0000,0x000000001a7f0000)]
  0x0000000019d2d000 JavaThread "C2 CompilerThread0" daemon [_thread_blocked, id=1880, stack(0x000000001a5f0000,0x000000001a6f0000)]
  0x0000000019d2b800 JavaThread "Monitor Ctrl-Break" daemon [_thread_in_native, id=12424, stack(0x000000001a4f0000,0x000000001a5f0000)]
  0x0000000019d10000 JavaThread "Attach Listener" daemon [_thread_blocked, id=6812, stack(0x000000001a3f0000,0x000000001a4f0000)]
  0x0000000019d0f000 JavaThread "Signal Dispatcher" daemon [_thread_blocked, id=12960, stack(0x000000001a2f0000,0x000000001a3f0000)]
  0x0000000019d00800 JavaThread "Finalizer" daemon [_thread_blocked, id=10048, stack(0x000000001a0e0000,0x000000001a1e0000)]
  0x0000000017dfd800 JavaThread "Reference Handler" daemon [_thread_blocked, id=7340, stack(0x0000000019be0000,0x0000000019ce0000)]
=>0x00000000029be800 JavaThread "main" [_thread_in_vm, id=10560, stack(0x0000000002a50000,0x0000000002b50000)]

Other Threads:
  0x0000000017df9000 VMThread [stack: 0x0000000019ae0000,0x0000000019be0000] [id=8264]
  0x0000000019e66000 WatcherThread [stack: 0x000000001aaf0000,0x000000001abf0000] [id=6680]

VM state:not at safepoint (normal execution)

VM Mutex/Monitor currently owned by a thread: None

Heap:
 PSYoungGen      total 38400K, used 3345K [0x00000000d5980000, 0x00000000d8400000, 0x0000000100000000)
  eden space 33280K, 10% used [0x00000000d5980000,0x00000000d5cc4750,0x00000000d7a00000)
  from space 5120K, 0% used [0x00000000d7f00000,0x00000000d7f00000,0x00000000d8400000)
  to   space 5120K, 0% used [0x00000000d7a00000,0x00000000d7a00000,0x00000000d7f00000)
 ParOldGen       total 87552K, used 0K [0x0000000080c00000, 0x0000000086180000, 0x00000000d5980000)
  object space 87552K, 0% used [0x0000000080c00000,0x0000000080c00000,0x0000000086180000)
 Metaspace       used 3439K, capacity 4500K, committed 4864K, reserved 1056768K
  class space    used 379K, capacity 388K, committed 512K, reserved 1048576K

Card table byte_map: [0x00000000121c0000,0x00000000125c0000] byte_map_base: 0x0000000011dba000

Marking Bits: (ParMarkBitMap*) 0x000000005fd9d850
 Begin Bits: [0x0000000013070000, 0x0000000015040000)
 End Bits:   [0x0000000015040000, 0x0000000017010000)

Polling page: 0x0000000000b60000

CodeCache: size=245760Kb used=1136Kb max_used=1141Kb free=244623Kb
 bounds [0x0000000002e00000, 0x0000000003070000, 0x0000000011e00000]
 total_blobs=297 nmethods=39 adapters=171
 compilation: enabled

Compilation events (10 events):
Event: 0.089 Thread 0x0000000019dad000 nmethod 30 0x0000000002f1d0d0 code [0x0000000002f1d220, 0x0000000002f1d4c8]
Event: 0.089 Thread 0x0000000019da9000 nmethod 32 0x0000000002f1b550 code [0x0000000002f1b6a0, 0x0000000002f1b9c8]
Event: 0.090 Thread 0x0000000019db2000   36       3       sun.misc.FDBigInteger::mult (64 bytes)
Event: 0.091 Thread 0x0000000019db2000 nmethod 36 0x0000000002f1a890 code [0x0000000002f1aa00, 0x0000000002f1ac90]
Event: 0.091 Thread 0x0000000019db2000   39       1       java.lang.Object::<init> (1 bytes)
Event: 0.091 Thread 0x0000000019db2000 nmethod 39 0x0000000002f1a5d0 code [0x0000000002f1a720, 0x0000000002f1a830]
Event: 0.091 Thread 0x0000000019db2000   37       3       sun.misc.FDBigInteger::<init> (30 bytes)
Event: 0.091 Thread 0x0000000019db2000 nmethod 37 0x0000000002f1cc50 code [0x0000000002f1cdc0, 0x0000000002f1cfc8]
Event: 0.091 Thread 0x0000000019db2000   38       3       sun.misc.FDBigInteger::trimLeadingZeros (57 bytes)
Event: 0.091 Thread 0x0000000019db2000 nmethod 38 0x0000000002f1c690 code [0x0000000002f1c800, 0x0000000002f1cb30]

GC Heap History (0 events):
No events

Deoptimization events (0 events):
No events

Internal exceptions (3 events):
Event: 0.027 Thread 0x00000000029be800 Exception <a 'java/lang/NoSuchMethodError': Method sun.misc.Unsafe.defineClass(Ljava/lang/String;[BII)Ljava/lang/Class; name or signature does not match> (0x00000000d5987ca8) thrown at [C:\re\workspace\8-2-build-windows-amd64-cygwin\jdk8u151\9699\hotspot\
Event: 0.027 Thread 0x00000000029be800 Exception <a 'java/lang/NoSuchMethodError': Method sun.misc.Unsafe.prefetchRead(Ljava/lang/Object;J)V name or signature does not match> (0x00000000d5987f90) thrown at [C:\re\workspace\8-2-build-windows-amd64-cygwin\jdk8u151\9699\hotspot\src\share\vm\prims
Event: 3.430 Thread 0x00000000029be800 Exception <a 'java/lang/NoSuchMethodError': <init>> (0x00000000d5c30020) thrown at [C:\re\workspace\8-2-build-windows-amd64-cygwin\jdk8u151\9699\hotspot\src\share\vm\prims\jni.cpp, line 1581]

Events (10 events):
Event: 0.087 loading class sun/launcher/LauncherHelper$FXHelper
Event: 0.088 loading class sun/launcher/LauncherHelper$FXHelper done
Event: 0.088 loading class java/lang/Class$MethodArray
Event: 0.088 loading class java/lang/Class$MethodArray done
Event: 0.088 loading class java/lang/Void
Event: 0.088 loading class java/lang/Void done
Event: 0.088 loading class java/lang/ClassLoaderHelper
Event: 0.088 loading class java/lang/ClassLoaderHelper done
Event: 0.090 loading class sun/misc/FDBigInteger
Event: 0.090 loading class sun/misc/FDBigInteger done


Dynamic libraries:
0x00007ff673900000 - 0x00007ff673937000 	C:\Program Files\Java\jdk1.8.0_151\bin\java.exe
0x00007ff8e26d0000 - 0x00007ff8e28b1000 	C:\WINDOWS\SYSTEM32\ntdll.dll
0x00007ff8e11c0000 - 0x00007ff8e1272000 	C:\WINDOWS\System32\KERNEL32.DLL
0x00007ff8df4f0000 - 0x00007ff8df763000 	C:\WINDOWS\System32\KERNELBASE.dll
0x00007ff8e1380000 - 0x00007ff8e1421000 	C:\WINDOWS\System32\ADVAPI32.dll
0x00007ff8e21d0000 - 0x00007ff8e226e000 	C:\WINDOWS\System32\msvcrt.dll
0x00007ff8e2130000 - 0x00007ff8e218b000 	C:\WINDOWS\System32\sechost.dll
0x00007ff8e1f00000 - 0x00007ff8e2024000 	C:\WINDOWS\System32\RPCRT4.dll
0x00007ff8dfb60000 - 0x00007ff8dfcf0000 	C:\WINDOWS\System32\USER32.dll
0x00007ff8deaa0000 - 0x00007ff8deac0000 	C:\WINDOWS\System32\win32u.dll
0x00007ff8e1350000 - 0x00007ff8e1378000 	C:\WINDOWS\System32\GDI32.dll
0x00007ff8deb40000 - 0x00007ff8decd2000 	C:\WINDOWS\System32\gdi32full.dll
0x00007ff8df7d0000 - 0x00007ff8df86f000 	C:\WINDOWS\System32\msvcp_win.dll
0x00007ff8dece0000 - 0x00007ff8dedda000 	C:\WINDOWS\System32\ucrtbase.dll
0x00007ff8cd350000 - 0x00007ff8cd5b9000 	C:\WINDOWS\WinSxS\amd64_microsoft.windows.common-controls_6595b64144ccf1df_6.0.17134.48_none_b4b2216a3cb4dd3e\COMCTL32.dll
0x00007ff8e2310000 - 0x00007ff8e2633000 	C:\WINDOWS\System32\combase.dll
0x00007ff8deac0000 - 0x00007ff8deb3a000 	C:\WINDOWS\System32\bcryptPrimitives.dll
0x00007ff8e2190000 - 0x00007ff8e21bd000 	C:\WINDOWS\System32\IMM32.DLL
0x000000005fe20000 - 0x000000005fef2000 	C:\Program Files\Java\jdk1.8.0_151\jre\bin\msvcr100.dll
0x000000005f580000 - 0x000000005fe1d000 	C:\Program Files\Java\jdk1.8.0_151\jre\bin\server\jvm.dll
0x00007ff8e21c0000 - 0x00007ff8e21c8000 	C:\WINDOWS\System32\PSAPI.DLL
0x00007ff8dc5b0000 - 0x00007ff8dc5d3000 	C:\WINDOWS\SYSTEM32\WINMM.dll
0x00007ff8da710000 - 0x00007ff8da71a000 	C:\WINDOWS\SYSTEM32\VERSION.dll
0x00007ff8dbfb0000 - 0x00007ff8dbfda000 	C:\WINDOWS\SYSTEM32\winmmbase.dll
0x00007ff8dc7d0000 - 0x00007ff8dc7d9000 	C:\WINDOWS\SYSTEM32\WSOCK32.dll
0x00007ff8df870000 - 0x00007ff8df8b9000 	C:\WINDOWS\System32\cfgmgr32.dll
0x00007ff8e1150000 - 0x00007ff8e11bc000 	C:\WINDOWS\System32\WS2_32.dll
0x000000005f570000 - 0x000000005f57f000 	C:\Program Files\Java\jdk1.8.0_151\jre\bin\verify.dll
0x000000005f540000 - 0x000000005f569000 	C:\Program Files\Java\jdk1.8.0_151\jre\bin\java.dll
0x000000005f510000 - 0x000000005f533000 	C:\Program Files\Java\jdk1.8.0_151\jre\bin\instrument.dll
0x000000005f4f0000 - 0x000000005f506000 	C:\Program Files\Java\jdk1.8.0_151\jre\bin\zip.dll
0x00007ff8dfcf0000 - 0x00007ff8e1130000 	C:\WINDOWS\System32\SHELL32.dll
0x00007ff8e1a60000 - 0x00007ff8e1b09000 	C:\WINDOWS\System32\shcore.dll
0x00007ff8dede0000 - 0x00007ff8df4ed000 	C:\WINDOWS\System32\windows.storage.dll
0x00007ff8e2640000 - 0x00007ff8e2691000 	C:\WINDOWS\System32\shlwapi.dll
0x00007ff8dea80000 - 0x00007ff8dea91000 	C:\WINDOWS\System32\kernel.appcore.dll
0x00007ff8de9f0000 - 0x00007ff8dea0f000 	C:\WINDOWS\System32\profapi.dll
0x00007ff8dea30000 - 0x00007ff8dea7c000 	C:\WINDOWS\System32\powrprof.dll
0x00007ff8de9e0000 - 0x00007ff8de9ea000 	C:\WINDOWS\System32\FLTLIB.DLL
0x00007ff8da6b0000 - 0x00007ff8da6ca000 	D:\Program Files\JetBrains\IntelliJ IDEA 2017.3.4\bin\breakgen64.dll
0x000000005f4d0000 - 0x000000005f4ea000 	C:\Program Files\Java\jdk1.8.0_151\jre\bin\net.dll
0x00007ff8de260000 - 0x00007ff8de2c6000 	C:\WINDOWS\system32\mswsock.dll
0x00007ff8dc850000 - 0x00007ff8dc858000 	D:\Users\Turro\IdeaProjects\JavaJNI\src\DotProductDLL.dll
0x00007ff8d4720000 - 0x00007ff8d4736000 	C:\WINDOWS\SYSTEM32\VCRUNTIME140.dll
0x00007ff8a9830000 - 0x00007ff8a98da000 	C:\WINDOWS\SYSTEM32\MSVCP140.dll
0x00007ff8d94d0000 - 0x00007ff8d9699000 	C:\WINDOWS\SYSTEM32\dbghelp.dll

VM Arguments:
jvm_args: -Djava.library.path=D:\Users\Turro\IdeaProjects\JavaJNI\src -javaagent:D:\Program Files\JetBrains\IntelliJ IDEA 2017.3.4\lib\idea_rt.jar=61099:D:\Program Files\JetBrains\IntelliJ IDEA 2017.3.4\bin -Dfile.encoding=UTF-8 
java_command: DotProduct -Djava.library.path=. DorProduct
java_class_path (initial): C:\Program Files\Java\jdk1.8.0_151\jre\lib\charsets.jar;C:\Program Files\Java\jdk1.8.0_151\jre\lib\deploy.jar;C:\Program Files\Java\jdk1.8.0_151\jre\lib\ext\access-bridge-64.jar;C:\Program Files\Java\jdk1.8.0_151\jre\lib\ext\cldrdata.jar;C:\Program Files\Java\jdk1.8.0_151\jre\lib\ext\dnsns.jar;C:\Program Files\Java\jdk1.8.0_151\jre\lib\ext\jaccess.jar;C:\Program Files\Java\jdk1.8.0_151\jre\lib\ext\jfxrt.jar;C:\Program Files\Java\jdk1.8.0_151\jre\lib\ext\localedata.jar;C:\Program Files\Java\jdk1.8.0_151\jre\lib\ext\nashorn.jar;C:\Program Files\Java\jdk1.8.0_151\jre\lib\ext\sunec.jar;C:\Program Files\Java\jdk1.8.0_151\jre\lib\ext\sunjce_provider.jar;C:\Program Files\Java\jdk1.8.0_151\jre\lib\ext\sunmscapi.jar;C:\Program Files\Java\jdk1.8.0_151\jre\lib\ext\sunpkcs11.jar;C:\Program Files\Java\jdk1.8.0_151\jre\lib\ext\zipfs.jar;C:\Program Files\Java\jdk1.8.0_151\jre\lib\javaws.jar;C:\Program Files\Java\jdk1.8.0_151\jre\lib\jce.jar;C:\Program Files\Java\jdk1.8.0_151\jre\lib\jfr.jar;C:\Program Files\Java\jdk1.8.0_151\jre\lib\jfxswt.jar;C:\Program Files\Java\jdk1.8.0_151\jre\lib\jsse.jar;C:\Program Files\Java\jdk1.8.0_151\jre\lib\management-agent.jar;C:\Program Files\Java\jdk1.8.0_151\jre\lib\plugin.jar;C:\Program Files\Java\jdk1.8.0_151\jre\lib\resources.jar;C:\Program Files\Java\jdk1.8.0_151\jre\lib\rt.jar;D:\Users\Turro\IdeaProjects\JavaJNI\out\production\JavaJNI;D:\Program Files\JetBrains\IntelliJ IDEA 2017.3.4\lib\idea_rt.jar
Launcher Type: SUN_STANDARD

Environment Variables:
JAVA_HOME=C:\Program Files\Java\jdk1.8.0_151
PATH=C:\Program Files (x86)\Common Files\Oracle\Java\javapath;C:\ProgramData\Oracle\Java\javapath;C:\Windows\system32;C:\Windows;C:\Windows\System32\Wbem;C:\Windows\System32\WindowsPowerShell\v1.0\;C:\Program Files (x86)\NVIDIA Corporation\PhysX\Common;C:\Program Files\Microsoft SQL Server\110\Tools\Binn\;C:\Program Files\Microsoft SQL Server\130\Tools\Binn\;C:\Program Files\Git\cmd;C:\WINDOWS\system32;C:\WINDOWS;C:\WINDOWS\System32\Wbem;C:\WINDOWS\System32\WindowsPowerShell\v1.0\;C:\WINDOWS\System32\OpenSSH\;C:\Users\Turro\AppData\Local\Microsoft\WindowsApps;
USERNAME=Turro
OS=Windows_NT
PROCESSOR_IDENTIFIER=Intel64 Family 6 Model 60 Stepping 3, GenuineIntel



---------------  S Y S T E M  ---------------

OS: Windows 10.0 , 64 bit Build 17134 (10.0.17134.1)

CPU:total 8 (initial active 8) (4 cores per cpu, 2 threads per core) family 6 model 60 stepping 3, cmov, cx8, fxsr, mmx, sse, sse2, sse3, ssse3, sse4.1, sse4.2, popcnt, avx, avx2, aes, clmul, erms, lzcnt, ht, tsc, tscinvbit, bmi1, bmi2

Memory: 4k page, physical 8338080k(3644256k free), swap 11352736k(4639588k free)

vm_info: Java HotSpot(TM) 64-Bit Server VM (25.151-b12) for windows-amd64 JRE (1.8.0_151-b12), built on Sep  5 2017 19:33:46 by "java_re" with MS VC++ 10.0 (VS2010)

time: Thu May 17 17:14:56 2018
elapsed time: 3 seconds (0d 0h 0m 3s)

